C51 COMPILER V9.52.0.0   GLOBAL                                                            08/16/2016 14:10:48 PAGE 1   


C51 COMPILER V9.52.0.0, COMPILATION OF MODULE GLOBAL
NO OBJECT MODULE REQUESTED
COMPILER INVOKED BY: E:\keil\C51\BIN\C51.EXE global.c BROWSE DEBUG OBJECTEXTEND SRC(.\global.SRC)

line level    source

   1          #include "global.h"
   2          
   3          char GLOBAL_CHAR;
   4          idata char test_char1;
   5          idata char test_char2;
   6          
   7          void func4(char r) reentrant{
   8   1              GLOBAL_CHAR = 1;
   9   1              test_char1 = 1;
  10   1      }
*** WARNING C280 IN LINE 7 OF global.c: 'r': unreferenced local variable


MODULE INFORMATION:   STATIC OVERLAYABLE
   CODE SIZE        =     16    ----
   CONSTANT SIZE    =   ----    ----
   XDATA SIZE       =   ----    ----
   PDATA SIZE       =   ----    ----
   DATA SIZE        =      2    ----
   IDATA SIZE       =      2    ----
   BIT SIZE         =   ----    ----
END OF MODULE INFORMATION.


C51 COMPILATION COMPLETE.  1 WARNING(S),  0 ERROR(S)
