C51 COMPILER V9.52.0.0   INDEPENDENTKEY                                                    08/15/2016 09:24:05 PAGE 1   


C51 COMPILER V9.52.0.0, COMPILATION OF MODULE INDEPENDENTKEY
OBJECT MODULE PLACED IN IndependentKey.OBJ
COMPILER INVOKED BY: E:\keil\C51\BIN\C51.EXE IndependentKey.c BROWSE DEBUG OBJECTEXTEND

line level    source

   1          #include<regx52.h>
   2          
   3          #define KEY_0 P1_0//按键IO口
   4          #define KEY_1 P1_2
   5          #define KEY_2 P1_4
   6          #define KEY_3 P1_6
   7          
   8          #define LED_0 P0_0//LED的IO口
   9          #define LED_1 P0_1
  10          #define LED_2 P0_2
  11          #define LED_3 P0_3
  12          
  13          void delayms(int xms){
  14   1              int i, j;
  15   1              for(i = xms; i > 0; i--)
  16   1                      for(j = 110; j > 0; j--);
  17   1      }
  18          
  19          void Light(){
  20   1              if(KEY_0 == 0){
  21   2                      LED_0 = !LED_0;
  22   2                      delayms(500);
  23   2                      
  24   2              }else if(KEY_1 == 0){
  25   2                      LED_1 = !LED_1;
  26   2                      delayms(500);
  27   2                      
  28   2              }else if(KEY_2 == 0){
  29   2                      LED_2 = !LED_2;
  30   2                      delayms(500);
  31   2                      
  32   2              }else if(KEY_3 == 0){
  33   2                      LED_3 = !LED_3;
  34   2                      delayms(500);
  35   2              }
  36   1      }
  37          
  38          void main(){
  39   1              while(1){
  40   2                      Light();
  41   2              }
  42   1      }


MODULE INFORMATION:   STATIC OVERLAYABLE
   CODE SIZE        =     71    ----
   CONSTANT SIZE    =   ----    ----
   XDATA SIZE       =   ----    ----
   PDATA SIZE       =   ----    ----
   DATA SIZE        =   ----    ----
   IDATA SIZE       =   ----    ----
   BIT SIZE         =   ----    ----
END OF MODULE INFORMATION.


C51 COMPILATION COMPLETE.  0 WARNING(S),  0 ERROR(S)
