C51 COMPILER V9.52.0.0   BUZZER                                                            02/21/2015 10:47:56 PAGE 1   


C51 COMPILER V9.52.0.0, COMPILATION OF MODULE BUZZER
OBJECT MODULE PLACED IN Buzzer.OBJ
COMPILER INVOKED BY: E:\keil\C51\BIN\C51.EXE Buzzer.c BROWSE DEBUG OBJECTEXTEND

line level    source

   1          #include<regx52.h>
   2          
   3          sfr P4 = 0xE8;
   4          sbit BUZZER = P4^4;
   5          
   6          
   7          unsigned char timer0h, timer0l, time; 
   8          
   9          code unsigned char FREQH[] = { //???
  10          
  11              0xF2, 0xF3, 0xF5, 0xF5, 0xF6, 0xF7, 0xF8,    //?1234567
  12          
  13              0xF9, 0xF9, 0xFA, 0xFA, 0xFB, 0xFB, 0xFC, 0xFC,//1,2,3,4,5,6,7,i 
  14          
  15              0xFC, 0xFD, 0xFD, 0xFD, 0xFD, 0xFE,            //?234567 
  16          
  17              0xFE, 0xFE, 0xFE, 0xFE, 0xFE, 0xFE, 0xFF};   //??1234567 
  18          
  19          
  20          
  21          code unsigned char FREQL[] = { //???
  22          
  23              0x42, 0xC1, 0x17, 0xB6, 0xD0, 0xD1, 0xB6,    //?1234567 
  24          
  25              0x21, 0xE1, 0x8C, 0xD8, 0x68, 0xE9, 0x5B, 0x8F, //1,2,3,4,5,6,7,i 
  26          
  27              0xEE, 0x44, 0x6B, 0xB4, 0xF4, 0x2D,             //?234567 
  28          
  29              0x47, 0x77, 0xA2, 0xB6, 0xDA, 0xFA, 0x16};   //??1234567 
  30          
  31          
  32          //test
  33          code unsigned char thank_you[] = {
  34                  0,0,0,5,0,1,5,0,1,3,1,2,0,0,1,3,1,1,4,1,1,3,1,1,0,1,1,7,0,1,2,1,1,1,1,1,7,0,1,1,1,1,1,1,2
  35          };
  36          
  37          void t0int() interrupt 1       
  38           
  39          { 
  40   1      
  41   1      TR0 = 0;                     
  42   1      
  43   1      BUZZER = !BUZZER;           
  44   1      
  45   1      TH0 = timer0h;           
  46   1       
  47   1      TL0 = timer0l; 
  48   1      
  49   1      TR0 = 1;            
  50   1      
  51   1      } 
  52          
  53          //-------------------------------------- 
  54          
  55          void delay(unsigned char t)    
C51 COMPILER V9.52.0.0   BUZZER                                                            02/21/2015 10:47:56 PAGE 2   

  56           
  57          { 
  58   1      
  59   1      unsigned char t1; 
  60   1      
  61   1      unsigned long t2; 
  62   1      
  63   1      for(t1 = 0; t1 < t; t1++)    
  64   1      
  65   1           for(t2 = 0; t2 < 8000; t2++); 
  66   1       
  67   1      TR0 = 0;                     
  68   1       
  69   1      } 
  70          
  71          //-------------------------------------- 
  72          
  73          void song()                
  74           
  75          { 
  76   1      
  77   1      TH0 = timer0h;               
  78   1       
  79   1      TL0 = timer0l; 
  80   1      
  81   1      TR0 = 1;             
  82   1      
  83   1      delay(time);                 
  84   1      
  85   1      } 
  86          
  87          //-------------------------------------- 
  88          
  89          void main(void) 
  90          
  91          { 
  92   1      
  93   1      unsigned char k, i; 
  94   1      
  95   1      TMOD = 1;            
  96   1      
  97   1      ET0 = 1;                
  98   1      
  99   1      EA = 1;                  
 100   1      
 101   1      while(1) { 
 102   2      
 103   2          i = 0; 
 104   2      
 105   2          time = 1;  
 106   2      
 107   2          while(1) { 
 108   3      
 109   3            k = thank_you[i] + 7 * thank_you[i + 1] - 1;   
 110   3       
 111   3            timer0h = FREQH[k];   
 112   3      
 113   3            timer0l = FREQL[k];    
 114   3      
 115   3            time = thank_you[i + 2]; //??,????
 116   3      
 117   3            i += 3; 
C51 COMPILER V9.52.0.0   BUZZER                                                            02/21/2015 10:47:56 PAGE 3   

 118   3      
 119   3            song();            
 120   3      
 121   3           } 
 122   2      
 123   2      } 
 124   1      
 125   1      } 
 126          


MODULE INFORMATION:   STATIC OVERLAYABLE
   CODE SIZE        =    165    ----
   CONSTANT SIZE    =    101    ----
   XDATA SIZE       =   ----    ----
   PDATA SIZE       =   ----    ----
   DATA SIZE        =      3       8
   IDATA SIZE       =   ----    ----
   BIT SIZE         =   ----    ----
END OF MODULE INFORMATION.


C51 COMPILATION COMPLETE.  0 WARNING(S),  0 ERROR(S)
