C51 COMPILER V9.52.0.0   EXAMPLEBUZZER                                                     03/06/2015 19:27:18 PAGE 1   


C51 COMPILER V9.52.0.0, COMPILATION OF MODULE EXAMPLEBUZZER
OBJECT MODULE PLACED IN exampleBuzzer.OBJ
COMPILER INVOKED BY: E:\keil\C51\BIN\C51.EXE exampleBuzzer.c BROWSE DEBUG OBJECTEXTEND

line level    source

   1           #include <reg52.h> 
   2          
   3          //sfr  P4  = 0xE8;
   4          sbit   speaker = P1^0; 
   5          
   6          unsigned char timer0h, timer0l, time; 
   7          
   8          code unsigned char FREQH[] = { //高八度
   9          
  10              0xF2, 0xF3, 0xF5, 0xF5, 0xF6, 0xF7, 0xF8,    //低1234567
  11          
  12              0xF9, 0xF9, 0xFA, 0xFA, 0xFB, 0xFB, 0xFC, 0xFC,//1,2,3,4,5,6,7,i 
  13          
  14              0xFC, 0xFD, 0xFD, 0xFD, 0xFD, 0xFE,            //高234567 
  15          
  16              0xFE, 0xFE, 0xFE, 0xFE, 0xFE, 0xFE, 0xFF};   //超高1234567 
  17          
  18          
  19          
  20          code unsigned char FREQL[] = { //低八度
  21          
  22              0x42, 0xC1, 0x17, 0xB6, 0xD0, 0xD1, 0xB6,    //低1234567 
  23          
  24              0x21, 0xE1, 0x8C, 0xD8, 0x68, 0xE9, 0x5B, 0x8F, //1,2,3,4,5,6,7,i 
  25          
  26              0xEE, 0x44, 0x6B, 0xB4, 0xF4, 0x2D,             //高234567 
  27          
  28              0x47, 0x77, 0xA2, 0xB6, 0xDA, 0xFA, 0x16};   //超高1234567 
  29          
  30          //-------------------------------------- 
  31          
  32          //世上只有妈妈好
  33          
  34          code unsigned char sszymmh[] = { 
  35          
  36          6, 2, 3, 5, 2, 1, 3, 2, 2, 5, 2, 2, 1, 3, 2, 6, 2, 1, 5, 2, 1,  
  37          
  38          6, 2, 4, 3, 2, 2, 5, 2, 1, 6, 2, 1, 5, 2, 2, 3, 2, 2, 1, 2, 1, 
  39          
  40          6, 1, 1, 5, 2, 1, 3, 2, 1, 2, 2, 4, 2, 2, 3, 3, 2, 1, 5, 2, 2, 
  41          
  42          5, 2, 1, 6, 2, 1, 3, 2, 2, 2, 2, 2, 1, 2, 4, 5, 2, 3, 3, 2, 1, 
  43          
  44          2, 2, 1, 1, 2, 1, 6, 1, 1, 1, 2, 1, 5, 1, 6, 0, 0, 0}; 
  45          
  46          //-------------------------------------- 
  47          
  48          //test
  49          code unsigned char test[] = {
  50                  1,0,3,2,0,3,3,0,3,4,0,3,5,0,3,6,0,3,7,0,3,
  51                  1,1,3,2,1,3,3,1,3,4,1,3,5,1,3,6,1,3,7,1,3,
  52                  1,2,3,2,2,3,3,2,3,4,2,3,5,2,3,6,2,3,7,2,3,
  53                  1,3,3,2,3,3,3,3,3,4,3,3,5,3,3,6,3,3,7,3,3
  54          };
  55          
C51 COMPILER V9.52.0.0   EXAMPLEBUZZER                                                     03/06/2015 19:27:18 PAGE 2   

  56          void t0int() interrupt 1       
  57           
  58          { 
  59   1      
  60   1      TR0 = 0;                     
  61   1      
  62   1      speaker = !speaker;           
  63   1      
  64   1      TH0 = timer0h;           
  65   1       
  66   1      TL0 = timer0l; 
  67   1      
  68   1      TR0 = 1;            
  69   1      
  70   1      } 
  71          
  72          //-------------------------------------- 
  73          
  74          void delay(unsigned char t)    
  75           
  76          { 
  77   1      
  78   1      unsigned char t1; 
  79   1      
  80   1      unsigned long t2; 
  81   1      
  82   1      for(t1 = 0; t1 < t; t1++)    
  83   1      
  84   1           for(t2 = 0; t2 < 5000; t2++); //  for(t2 = 0; t2 < 8000; t2++);
  85   1       
  86   1      TR0 = 0;                     
  87   1       
  88   1      } 
  89          
  90          //-------------------------------------- 
  91          
  92          void song()                
  93           
  94          { 
  95   1      
  96   1      TH0 = timer0h;               
  97   1       
  98   1      TL0 = timer0l; 
  99   1      
 100   1      TR0 = 1;             
 101   1      
 102   1      delay(time);                 
 103   1      
 104   1      } 
 105          
 106          //-------------------------------------- 
 107          void delayms(int xms){
 108   1              int i, time;
 109   1              for(i = xms; i > 0; i--)
 110   1                              for(time = 110; time > 0; time--);
 111   1      }
 112          void main(void) 
 113          
 114          { 
 115   1      
 116   1      unsigned char k, i; 
 117   1      
C51 COMPILER V9.52.0.0   EXAMPLEBUZZER                                                     03/06/2015 19:27:18 PAGE 3   

 118   1      TMOD = 1;            
 119   1      
 120   1      ET0 = 1;                
 121   1      
 122   1      EA = 1;                  
 123   1      
 124   1      while(1) { 
 125   2      
 126   2          i = 0; 
 127   2      
 128   2          time = 1;  
 129   2      
 130   2          while(1) { 
 131   3      
 132   3           k = sszymmh[i] + 7 * sszymmh[i + 1] - 1;   
 133   3           timer0h = FREQH[k];   
 134   3           timer0l = FREQL[k];    
 135   3           time = test[i + 2]; //时间，第三个数
 136   3           i += 3; 
 137   3                      song();      
 138   3      
 139   3           } 
 140   2      
 141   2      } 
 142   1      
 143   1      } 


MODULE INFORMATION:   STATIC OVERLAYABLE
   CODE SIZE        =    197    ----
   CONSTANT SIZE    =    242    ----
   XDATA SIZE       =   ----    ----
   PDATA SIZE       =   ----    ----
   DATA SIZE        =      3       8
   IDATA SIZE       =   ----    ----
   BIT SIZE         =   ----    ----
END OF MODULE INFORMATION.


C51 COMPILATION COMPLETE.  0 WARNING(S),  0 ERROR(S)
