C51 COMPILER V9.52.0.0   SANKB_EXAMPLE                                                     03/21/2015 20:40:02 PAGE 1   


C51 COMPILER V9.52.0.0, COMPILATION OF MODULE SANKB_EXAMPLE
OBJECT MODULE PLACED IN sanKB_example.OBJ
COMPILER INVOKED BY: E:\keil\C51\BIN\C51.EXE sanKB_example.c BROWSE DEBUG OBJECTEXTEND

line level    source

   1          #include<regx52.h>
   2          
   3          #define ROW_0 P3_4
   4          #define ROW_1 P3_5
   5          #define ROW_2 P3_6
   6          #define ROW_3 P3_7
   7          #define COLUMN_0 P3_0
   8          #define COLUMN_1 P3_1
   9          #define COLUMN_2 P3_2
  10          #define COLUMN_3 P3_3
  11          
  12          code unsigned char num[]={0x3f,0x06,0x5b,0x4f,0x66,0x6d,0x7d,0x07,0x7f,0x6f,0x80}; 
  13          code unsigned char test[] = {0x01, 0x02, 0x04, 0x08, 0x10, 0x20, 0x40, 0x80};
  14          
  15          unsigned char keyVal = 0xff;
  16          
  17          void delay(unsigned int);
  18          void showNum(unsigned int numVal);
  19          void getKey();
  20          
  21          void delay(unsigned int i){
  22   1              for( ; i>0; i--);
  23   1      }
  24          
  25          void showNum(unsigned int numVal){
  26   1              unsigned char temp;
  27   1              unsigned char i;
  28   1              for(i=0; i<8; i++){
  29   2                      P2 = 0x00;
  30   2              if((0==numVal)&&(i!=0)){
  31   3                              break;
  32   3                      }
  33   2                      temp = numVal%10;
  34   2                      P1 = (0x01<<i);
  35   2                      P2 = num[temp];
  36   2                      numVal = numVal/10;
  37   2                      delay(100);
  38   2              }
  39   1      }
  40          
  41          void getKey(){
  42   1              P3 = 0xFF;
  43   1              ROW_0 = 0;//?????
  44   1              if(0==COLUMN_0){
  45   2                      keyVal =  0;
  46   2              }else if(0==COLUMN_1){
  47   2                      keyVal = 1;
  48   2              }else if(0==COLUMN_2){
  49   2                      keyVal = 2;
  50   2              }else if(0==COLUMN_3){
  51   2                      keyVal = 3;
  52   2              }
  53   1              P3 = 0xFF;
  54   1              ROW_1 = 0;
  55   1              if(0==COLUMN_0){
C51 COMPILER V9.52.0.0   SANKB_EXAMPLE                                                     03/21/2015 20:40:02 PAGE 2   

  56   2                      keyVal = 4;
  57   2              }else if(0==COLUMN_1){
  58   2                      keyVal = 5;
  59   2              }else if(0==COLUMN_2){
  60   2                      keyVal = 6;
  61   2              }else if(0==COLUMN_3){
  62   2                      keyVal = 7;
  63   2              }
  64   1              P3 = 0xFF;
  65   1              ROW_2 = 0;
  66   1              if(0==COLUMN_0){
  67   2                      keyVal = 8;
  68   2              }else if(0==COLUMN_1){
  69   2                      keyVal = 9;
  70   2              }else if(0==COLUMN_2){
  71   2                      keyVal = 10;
  72   2              }else if(0==COLUMN_3){
  73   2                      keyVal = 11;
  74   2              }
  75   1              P3 = 0xFF;
  76   1              ROW_3 = 0;
  77   1              if(0==COLUMN_0){
  78   2                      keyVal = 12;
  79   2              }else if(0==COLUMN_1){
  80   2                      keyVal = 13;
  81   2              }else if(0==COLUMN_2){
  82   2                      keyVal = 14;
  83   2              }else if(0==COLUMN_3){
  84   2                      keyVal = 15;
  85   2              }
  86   1      //      return 0xFF;
  87   1      }
  88          void main(){
  89   1      
  90   1              while(1){
  91   2                      getKey();
  92   2                      if(0xFF == keyVal){
  93   3                              P1 = ~0x00;
  94   3                              P2 = num[0];
  95   3                      }else{
  96   3                              showNum(keyVal);
  97   3                      }
  98   2              }
  99   1      }
 100                  


MODULE INFORMATION:   STATIC OVERLAYABLE
   CODE SIZE        =    262    ----
   CONSTANT SIZE    =     19    ----
   XDATA SIZE       =   ----    ----
   PDATA SIZE       =   ----    ----
   DATA SIZE        =      1       2
   IDATA SIZE       =   ----    ----
   BIT SIZE         =   ----    ----
END OF MODULE INFORMATION.


C51 COMPILATION COMPLETE.  0 WARNING(S),  0 ERROR(S)
