C51 COMPILER V9.52.0.0   SCAN_LAYER                                                        07/26/2015 20:41:54 PAGE 1   


C51 COMPILER V9.52.0.0, COMPILATION OF MODULE SCAN_LAYER
OBJECT MODULE PLACED IN scan_layer.OBJ
COMPILER INVOKED BY: E:\keil\C51\BIN\C51.EXE scan_layer.c BROWSE DEBUG OBJECTEXTEND

line level    source

   1          #include "scan_layer.h";
   2          #include <regx52.h>
   3          
   4          void scan_layer_col(){
   5   1              P1 = 0X01;
   6   1      }


MODULE INFORMATION:   STATIC OVERLAYABLE
   CODE SIZE        =      4    ----
   CONSTANT SIZE    =   ----    ----
   XDATA SIZE       =   ----    ----
   PDATA SIZE       =   ----    ----
   DATA SIZE        =   ----    ----
   IDATA SIZE       =   ----    ----
   BIT SIZE         =   ----    ----
END OF MODULE INFORMATION.


C51 COMPILATION COMPLETE.  0 WARNING(S),  0 ERROR(S)
