C51 COMPILER V9.52.0.0   SMARTDOOR                                                         05/07/2015 22:52:52 PAGE 1   


C51 COMPILER V9.52.0.0, COMPILATION OF MODULE SMARTDOOR
OBJECT MODULE PLACED IN smartDoor.OBJ
COMPILER INVOKED BY: E:\keil\C51\BIN\C51.EXE smartDoor.c BROWSE DEBUG OBJECTEXTEND

line level    source

   1          #include <AT89x52.h>
   2          //http://weidu.baidu.com/view/c353e8360b4c2e3f57276349.html?re=view
   3          #define IR P3_3
   4          #define FRE 12000000//时钟频率12m
   5          #define DIVI 12//分频
   6          #define EVERY250US (250/(FRE/12/1000000))//50ms机器周期
   7          
   8          void DelayA();
   9          void DelayB();
  10          void Delayms(unsigned int xms);
  11          unsigned int isBrk = 0;//布尔值用来判断是否被闯入
  12          unsigned int Counter = 0;//计数
  13          int start;
  14          
  15          void main()
  16          {
  17   1              EA = 1; //允许 CPU 中断
  18   1              IT0 = 1;//下降沿中断
  19   1              EX0 = 1;//外部中断0开，遥控
  20   1              IT1 = 1;//外部中断1，下降沿中断
  21   1              EX1 = 1;//开外部1中断，触发报警
  22   1              TMOD = 0x02;//定时器0，工作模式2
  23   1              TH0=256-EVERY250US;//250us溢出一次
  24   1              TL0=256-EVERY250US;
  25   1      
  26   1              while(1){
  27   2                      int i;
  28   2                      for(i = 10; i--; i>0);
  29   2                      if(isBrk){//判断是否被闯入状态，
  30   3                              P0 = ~0x01;//被闯入，报警
  31   3                              if(Counter > 20000){//5s后没有解除警报，发送信息
  32   4                                      P0 = ~0x03;
  33   4                              }
  34   3                      }else{//非闯入状态或按下遥控
  35   3                              if(Counter != 0){//计时已启动的话清空计时，关计时器
  36   4                                      Counter = 0;
  37   4                                      TR0 = 0;
  38   4                                      ET0 = 0;
  39   4                              }
  40   3                              P0 = ~0x80;//安全提示
  41   3                      }
  42   2              }
  43   1      }
  44          
  45          
  46          /**********************************j剪辑*****************************************/
  47          
  48          /***************************外部中断0，触发计时*****************************/
  49          void INT0Fun() interrupt 0{
  50   1              isBrk = 1;//被闯入
  51   1              Counter = 0;//计时清零
  52   1              ET0 = 1;//允许计数器中断
  53   1              TR0 = 1;//开计数器
  54   1      }
  55          
C51 COMPILER V9.52.0.0   SMARTDOOR                                                         05/07/2015 22:52:52 PAGE 2   

  56          /***************************警报***************************************/
  57          void timer() interrupt 1{//计数器，用于倒数5s
  58   1              Counter++;
  59   1      
  60   1      }
  61          /*
  62          *******************外部中断1，遥控器控制*****************************
  63          */
  64          //INT1 中断
  65          
  66          void INT1Fun(void) interrupt 2
  67          {
  68   1              if(!IR){//有按键按下
  69   2                      for(start = 0; start < 10; start++){//等待7.5ms
  70   3                              DelayB();
  71   3                              if(IR) return;//7.5ms前变成高电平，不是遥控器的按键
  72   3                      }
  73   2                      if(!IR){
  74   3                              DelayB();//还是电平，则再延时1.5ms
  75   3                              if(IR) return;//此过程P3_3变为高电平则不是遥控器按键，退出
  76   3                              DelayB();
  77   3                      }else{
  78   3                              return;
  79   3                      }
  80   2                      if(IR){//延时9ms后，进入结果码的高电平
  81   3                              for(start = 0; start < 4; start++){//延时3ms
  82   4                                      DelayB();
  83   4                                      if(!IR) return;//此过程出现低电位则不是遥控器按键，退出
  84   4                              }
  85   3                      }else{
  86   3                              return;
  87   3                      }
  88   2                      if(IR){//延时12ms后是高电位，判断是遥控器按键
  89   3                              isBrk = 0;
  90   3                      }else return;
  91   2              }else return;
  92   1      }
  93          
  94          void DelayA()
  95          {//延时3.5ms，没用到
  96   1              unsigned int I;
  97   1              for (I=0; I<800; I++); //3.5                            650
  98   1      }
  99          void DelayB()
 100          {//延时0.75ms
 101   1              unsigned int i;
 102   1              for (i=0; i<90; i++); // 0.75ms         93
 103   1      }
 104          void Delayms(unsigned int xms){
 105   1              unsigned int i,j;
 106   1              for(i = xms; i > 0; i--)
 107   1                      for(j = 110; j > 0; j--);
 108   1      }


MODULE INFORMATION:   STATIC OVERLAYABLE
   CODE SIZE        =    318    ----
   CONSTANT SIZE    =   ----    ----
   XDATA SIZE       =   ----    ----
   PDATA SIZE       =   ----    ----
   DATA SIZE        =      6       2
   IDATA SIZE       =   ----    ----
C51 COMPILER V9.52.0.0   SMARTDOOR                                                         05/07/2015 22:52:52 PAGE 3   

   BIT SIZE         =   ----    ----
END OF MODULE INFORMATION.


C51 COMPILATION COMPLETE.  0 WARNING(S),  0 ERROR(S)
