C51 COMPILER V9.52.0.0   KEY                                                               03/09/2016 14:41:52 PAGE 1   


C51 COMPILER V9.52.0.0, COMPILATION OF MODULE KEY
OBJECT MODULE PLACED IN key.OBJ
COMPILER INVOKED BY: E:\keil\C51\BIN\C51.EXE key.c BROWSE DEBUG OBJECTEXTEND

line level    source

   1          #include "key.h";
   2          #include<regx52.h>
   3          
   4          #define COL_0 P2_0
   5          #define COL_1 P2_1
   6          #define COL_2 P2_2
   7          #define COL_3 P2_3
   8          #define ROW_0 P2_7
   9          #define ROW_1 P2_6
  10          #define ROW_2 P2_5
  11          #define ROW_3 P2_4
  12          
  13          
  14          
  15          char key_now_ = -1;
  16          
  17          
  18          char get_key(){
  19   1              //************开发板调试**************************************
  20   1              P2 = 0XFF;
  21   1              COL_0= 0;
  22   1              if(ROW_0 == 0){
  23   2                      if(key_now_ != -1){//扫描完一次才能把key_now_ 从新置-1，一直按键不放只能返回一次正确的键值。
  24   3                              return -1;
  25   3                      }
  26   2                      key_now_ = 14;
  27   2                      return 14;
  28   2              }else if(ROW_1 == 0){
  29   2                      if(key_now_ != -1){
  30   3                              return -1;
  31   3                      }
  32   2                      key_now_ = 0;
  33   2                      return 0;
  34   2              }else if(ROW_2 == 0){
  35   2                      if(key_now_ != -1){
  36   3                              return -1;
  37   3                      }
  38   2                      key_now_ = 15;
  39   2                      return 15;
  40   2              }else if(ROW_3 == 0){
  41   2                      if(key_now_ != -1){
  42   3                              return -1;
  43   3                      }
  44   2                      key_now_ = 13;
  45   2                      return 13;
  46   2              }
  47   1              
  48   1              
  49   1              P2 = 0xff;
  50   1              COL_1 = 0;
  51   1              if(ROW_0 == 0){
  52   2                      if(key_now_ != -1){
  53   3                              return -1;
  54   3                      }
  55   2                      key_now_ = 7;
C51 COMPILER V9.52.0.0   KEY                                                               03/09/2016 14:41:52 PAGE 2   

  56   2                      return 7;
  57   2              }else if(ROW_1 == 0){
  58   2                      if(key_now_ != -1){
  59   3                              return -1;
  60   3                      }
  61   2                      key_now_ = 8;
  62   2                      return 8;
  63   2              }else if(ROW_2 == 0){
  64   2                      if(key_now_ != -1){
  65   3                              return -1;
  66   3                      }
  67   2                      key_now_ = 9;
  68   2                      return 9;
  69   2              }else if(ROW_3 == 0){
  70   2                      if(key_now_ != -1){
  71   3                              return -1;
  72   3                      }
  73   2                      key_now_ = 12;
  74   2                      return 12;
  75   2              }
  76   1              
  77   1              
  78   1              P2 = 0xff;
  79   1              COL_2 = 0;
  80   1              if(ROW_0 == 0){
  81   2                      if(key_now_ != -1){
  82   3                              return -1;
  83   3                      }
  84   2                      key_now_ = 4;
  85   2                      return 4;
  86   2              }else if(ROW_1 == 0){
  87   2                      if(key_now_ != -1){
  88   3                              return -1;
  89   3                      }
  90   2                      key_now_ = 5;
  91   2                      return 5;
  92   2              }else if(ROW_2 == 0){
  93   2                      if(key_now_ != -1){
  94   3                              return -1;
  95   3                      }
  96   2                      key_now_ = 6;
  97   2                      return 6;
  98   2              }else if(ROW_3 == 0){
  99   2                      if(key_now_ != -1){
 100   3                              return -1;
 101   3                      }
 102   2                      key_now_ = 11;
 103   2                      return 11;
 104   2              }
 105   1              
 106   1              
 107   1              P2 = 0xff;
 108   1              COL_3 = 0;
 109   1              if(ROW_0 == 0){
 110   2                      if(key_now_ != -1){
 111   3                              return -1;
 112   3                      }
 113   2                      key_now_ = 1;
 114   2                      return 1;
 115   2              }else if(ROW_1 == 0){
 116   2                      if(key_now_ != -1){
 117   3                              return -1;
C51 COMPILER V9.52.0.0   KEY                                                               03/09/2016 14:41:52 PAGE 3   

 118   3                      }
 119   2                      key_now_ = 2;
 120   2                      return 2;
 121   2              }else if(ROW_2 == 0){
 122   2                      if(key_now_ != -1){
 123   3                              return -1;
 124   3                      }
 125   2                      key_now_ = 3;
 126   2                      return 3;
 127   2              }else if(ROW_3 == 0){
 128   2                      if(key_now_ != -1){
 129   3                              return -1;
 130   3                      }
 131   2                      key_now_ = 10;
 132   2                      return 10;
 133   2              }
 134   1              
 135   1              key_now_ = -1;
 136   1              
 137   1              return -1;
 138   1      
 139   1      
 140   1      //**********************************************
 141   1      //      P2 = 0XFF;
 142   1      //      COL_0= 0;
 143   1      //      if(ROW_0 == 0){
 144   1      //              if(key_now_ != -1){//扫描完一次才能把key_now_ 从新置-1，一直按键不放只能返回一次正确的键值。
 145   1      //                      return -1;
 146   1      //              }
 147   1      //              key_now_ = 13;
 148   1      //              return 13;
 149   1      //      }else if(ROW_1 == 0){
 150   1      //              if(key_now_ != -1){
 151   1      //                      return -1;
 152   1      //              }
 153   1      //              key_now_ = 15;
 154   1      //              return 15;
 155   1      //      }else if(ROW_2 == 0){
 156   1      //              if(key_now_ != -1){
 157   1      //                      return -1;
 158   1      //              }
 159   1      //              key_now_ = 14;
 160   1      //              return 0;
 161   1      //      }else if(ROW_3 == 0){
 162   1      //              if(key_now_ != -1){
 163   1      //                      return -1;
 164   1      //              }
 165   1      //              key_now_ = 14;
 166   1      //              return 14;
 167   1      //      }
 168   1      //      
 169   1      //      
 170   1      //      P2 = 0xff;
 171   1      //      COL_1 = 0;
 172   1      //      if(ROW_0 == 0){
 173   1      //              if(key_now_ != -1){
 174   1      //                      return -1;
 175   1      //              }
 176   1      //              key_now_ = 12;
 177   1      //              return 12;
 178   1      //      }else if(ROW_1 == 0){
 179   1      //              if(key_now_ != -1){
C51 COMPILER V9.52.0.0   KEY                                                               03/09/2016 14:41:52 PAGE 4   

 180   1      //                      return -1;
 181   1      //              }
 182   1      //              key_now_ = 9;
 183   1      //              return 9;
 184   1      //      }else if(ROW_2 == 0){
 185   1      //              if(key_now_ != -1){
 186   1      //                      return -1;
 187   1      //              }
 188   1      //              key_now_ = 8;
 189   1      //              return 8;
 190   1      //      }else if(ROW_3 == 0){
 191   1      //              if(key_now_ != -1){
 192   1      //                      return -1;
 193   1      //              }
 194   1      //              key_now_ = 7;
 195   1      //              return 7;
 196   1      //      }
 197   1      //      
 198   1      //      
 199   1      //      P2 = 0xff;
 200   1      //      COL_2 = 0;
 201   1      //      if(ROW_0 == 0){
 202   1      //              if(key_now_ != -1){
 203   1      //                      return -1;
 204   1      //              }
 205   1      //              key_now_ = 11;
 206   1      //              return 11;
 207   1      //      }else if(ROW_1 == 0){
 208   1      //              if(key_now_ != -1){
 209   1      //                      return -1;
 210   1      //              }
 211   1      //              key_now_ = 6;
 212   1      //              return 6;
 213   1      //      }else if(ROW_2 == 0){
 214   1      //              if(key_now_ != -1){
 215   1      //                      return -1;
 216   1      //              }
 217   1      //              key_now_ = 5;
 218   1      //              return 5;
 219   1      //      }else if(ROW_3 == 0){
 220   1      //              if(key_now_ != -1){
 221   1      //                      return -1;
 222   1      //              }
 223   1      //              key_now_ = 4;
 224   1      //              return 4;
 225   1      //      }
 226   1      //      
 227   1      //      
 228   1      //      P2 = 0xff;
 229   1      //      COL_3 = 0;
 230   1      //      if(ROW_0 == 0){
 231   1      //              if(key_now_ != -1){
 232   1      //                      return -1;
 233   1      //              }
 234   1      //              key_now_ = 10;
 235   1      //              return 10;
 236   1      //      }else if(ROW_1 == 0){
 237   1      //              if(key_now_ != -1){
 238   1      //                      return -1;
 239   1      //              }
 240   1      //              key_now_ = 3;
 241   1      //              return 3;
C51 COMPILER V9.52.0.0   KEY                                                               03/09/2016 14:41:52 PAGE 5   

 242   1      //      }else if(ROW_2 == 0){
 243   1      //              if(key_now_ != -1){
 244   1      //                      return -1;
 245   1      //              }
 246   1      //              key_now_ = 2;
 247   1      //              return 2;
 248   1      //      }else if(ROW_3 == 0){
 249   1      //              if(key_now_ != -1){
 250   1      //                      return -1;
 251   1      //              }
 252   1      //              key_now_ = 1;
 253   1      //              return 1;
 254   1      //      }
 255   1      //      key_now_ = -1;
 256   1      //      return -1;
 257   1              
 258   1      }


MODULE INFORMATION:   STATIC OVERLAYABLE
   CODE SIZE        =    297    ----
   CONSTANT SIZE    =   ----    ----
   XDATA SIZE       =   ----    ----
   PDATA SIZE       =   ----    ----
   DATA SIZE        =      1    ----
   IDATA SIZE       =   ----    ----
   BIT SIZE         =   ----    ----
END OF MODULE INFORMATION.


C51 COMPILATION COMPLETE.  0 WARNING(S),  0 ERROR(S)
