C51 COMPILER V9.52.0.0   UART                                                              08/19/2016 22:06:19 PAGE 1   


C51 COMPILER V9.52.0.0, COMPILATION OF MODULE UART
OBJECT MODULE PLACED IN uart.OBJ
COMPILER INVOKED BY: E:\keil\C51\BIN\C51.EXE uart.c BROWSE DEBUG OBJECTEXTEND

line level    source

   1          #include<regx52.h>
   2          
   3          
   4          void UartTimer2Init()           //345600bps@11.0592MHz 定时器2产生波特率
   5          {
   6   1              SCON = 0x50;//串口方式1，允许接受
   7   1              TL2 = RCAP2L = 65535;//最高波特率
   8   1              TH2 = RCAP2H = 65535>>8;
   9   1              T2CON = 0x34;//使定时器产生波特率
  10   1              T2MOD = 0x00;
  11   1      }
  12          
  13          void uartTimer1Init(){//57600bps,11.0592MHZ定时器1产生波特率
  14   1              PCON = 0x80; //置位波特率，加倍控制SMOD位
  15   1              SCON = 0x50; //串口方式1，允许接受
  16   1              TMOD = 0x20; //定时器1方式2
  17   1              TH1 = 0xFF; //最大波特率
  18   1              TL1 = 0xFF;
  19   1              TR1 = 1; //打开定时器
  20   1      }
  21          
  22          //发送数据
  23          void sendChar(char dat){
  24   1              SBUF = dat;
  25   1              while(!TI);
  26   1              TI = 0;
  27   1      }
  28          
  29          //接受数据
  30          char receiveMsg(){
  31   1              while(!RI);
  32   1              RI = 0;
  33   1              return SBUF;
  34   1      }
  35          
  36          //用中断方式接受数据
  37          void receive() interrupt 4{
  38   1              if(RI){
  39   2                      RI = 0;
  40   2                      P0 = SBUF;
  41   2              }
  42   1      }
  43          
  44          
  45          void main(){
  46   1              char inf[] = "启动科技，为爱好填动力！\n";
  47   1              char hello[] = "Hello World!\n";
  48   1              unsigned char i;
  49   1              unsigned char j=0;
  50   1      //      EA = 1;//总中断 
  51   1      //      ES = 1;//串口中断允许
  52   1      //      uartTimer1Init();//定时器1产生波特率
  53   1              UartTimer2Init();//定时器2产生波特率
  54   1              while(1){
  55   2                      for(i=0; i<24; i++){
C51 COMPILER V9.52.0.0   UART                                                              08/19/2016 22:06:19 PAGE 2   

  56   3                              sendChar(inf[i]);
  57   3                      }
  58   2                      for(i=0; i<13; i++){
  59   3                              sendChar(hello[i]);
  60   3                      }
  61   2                      sendChar(j+'0');
  62   2                      j++;
  63   2                      if(j>9){
  64   3                              j = 0;
  65   3                              break;
  66   3                      }
  67   2                      sendChar('\n');
  68   2                      
  69   2      //              P0 = receiveMsg();
  70   2              }
  71   1      //      while(1);
  72   1      }
  73          


MODULE INFORMATION:   STATIC OVERLAYABLE
   CODE SIZE        =    160    ----
   CONSTANT SIZE    =     40    ----
   XDATA SIZE       =   ----    ----
   PDATA SIZE       =   ----    ----
   DATA SIZE        =   ----      40
   IDATA SIZE       =   ----    ----
   BIT SIZE         =   ----    ----
END OF MODULE INFORMATION.


C51 COMPILATION COMPLETE.  0 WARNING(S),  0 ERROR(S)
