C51 COMPILER V9.52.0.0   HBRIDGE                                                           08/30/2015 09:50:49 PAGE 1   


C51 COMPILER V9.52.0.0, COMPILATION OF MODULE HBRIDGE
OBJECT MODULE PLACED IN HBridge.OBJ
COMPILER INVOKED BY: E:\keil\C51\BIN\C51.EXE HBridge.c BROWSE DEBUG OBJECTEXTEND

line level    source

   1          #include <regx52.h>
   2          
   3          sbit moto11 = P1^0;
   4          sbit moto12 = P1^1;
   5          
   6          void delayms(unsigned int xms);
   7          
   8          void main(){
   9   1              moto11 = 0;
  10   1              moto12 = 0;
  11   1              while(1){
  12   2                      moto12 = 0;
  13   2                      moto11 = 1;
  14   2                      delayms(3000);
  15   2                      moto11 = 0;
  16   2                      moto12 = 1;
  17   2                      delayms(3000);
  18   2              }
  19   1      }
  20          
  21          void delayms(unsigned int xms){
  22   1              unsigned int i, j;
  23   1              for(i = xms; i > 0; i--)
  24   1                      for(j = 110; j > 0; j--);
  25   1      }


MODULE INFORMATION:   STATIC OVERLAYABLE
   CODE SIZE        =     58    ----
   CONSTANT SIZE    =   ----    ----
   XDATA SIZE       =   ----    ----
   PDATA SIZE       =   ----    ----
   DATA SIZE        =   ----    ----
   IDATA SIZE       =   ----    ----
   BIT SIZE         =   ----    ----
END OF MODULE INFORMATION.


C51 COMPILATION COMPLETE.  0 WARNING(S),  0 ERROR(S)
