C51 COMPILER V9.52.0.0   DRIVE_CPU                                                         08/23/2016 21:47:20 PAGE 1   


C51 COMPILER V9.52.0.0, COMPILATION OF MODULE DRIVE_CPU
OBJECT MODULE PLACED IN drive_cpu.obj
COMPILER INVOKED BY: E:\keil\C51\BIN\C51.EXE drive\drive_cpu.c BROWSE INCDIR(.\drive) DEBUG OBJECTEXTEND PRINT(.\drive_c
                    -pu.lst) OBJECT(drive_cpu.obj)

line level    source

   1          #include "driveincludes.h"
   2          /*
   3          /********************************************************************************************************
   4          /*                                                                                      全局函数实现                                                                                                    *
   5          /*                                                                                                                                                                                                              *
   6          /*      void drive_init();              初始化驱动                                                                                                                                      *
   7          /*      void delay_10us(uchar)  延时uchar个10us，不准确                                                                                                         *
   8          /********************************************************************************************************
   9          */
  10          void drive_init(){
  11   1      
  12   1      #if HC_SR04_EN > 0
              
                      HC_SR04_Init();
                      
              #endif
  17   1              
  18   1      #if SERIAL_EN > 0
  19   1              
  20   1              SERIAL_timer2_Init();
  21   1              
  22   1      #endif
  23   1              
  24   1      #if DS18B20_EN > 0
  25   1              
  26   1              DS18B20_Init(100, -20, 0xff);
  27   1              
  28   1      #endif
  29   1      }
  30          
  31          void delay_us(uchar xus){
  32   1              uchar i;
  33   1              for(i = xus; i > 0;i--);
  34   1      }


MODULE INFORMATION:   STATIC OVERLAYABLE
   CODE SIZE        =     22    ----
   CONSTANT SIZE    =   ----    ----
   XDATA SIZE       =   ----    ----
   PDATA SIZE       =   ----    ----
   DATA SIZE        =   ----    ----
   IDATA SIZE       =   ----    ----
   BIT SIZE         =   ----    ----
END OF MODULE INFORMATION.


C51 COMPILATION COMPLETE.  0 WARNING(S),  0 ERROR(S)
